<?xml version="1.0" encoding="UTF-8"?>
<!-- Generated by org.testng.reporters.JUnitReportReporter -->
<testsuite name="com.jbhunt.JBHuntTest" tests="1" time="328.395" ignored="0" failures="0" timestamp="27 Jul 2023 18:38:20 GMT" skipped="0" hostname="SL-2037" errors="0">
  <testcase name="JBHuntPageLogin" time="328.395" classname="com.jbhunt.JBHuntTest"/>
</testsuite> <!-- com.jbhunt.JBHuntTest -->
