<?xml version="1.0" encoding="UTF-8"?>
<!-- Generated by org.testng.reporters.JUnitReportReporter -->
<testsuite ignored="0" hostname="SL-2037" failures="0" tests="3" name="com.mercerso.MercerSOTest" time="444.773" errors="0" timestamp="05 Sep 2023 18:20:50 GMT" skipped="0">
  <testcase classname="com.mercerso.MercerSOTest" name="MMCFunc" time="30.255"/>
  <testcase classname="com.mercerso.MercerSOTest" name="MMCFunc" time="36.360"/>
  <testcase classname="com.mercerso.MercerSOTest" name="MMCFunc" time="378.158"/>
</testsuite> <!-- com.mercerso.MercerSOTest -->
