<?xml version="1.0" encoding="UTF-8"?>
<!-- Generated by org.testng.reporters.JUnitReportReporter -->
<testsuite name="com.madkudo.MadKudoTest" tests="8" time="458.457" ignored="0" failures="0" timestamp="05 Jun 2023 11:55:12 GMT" skipped="0" hostname="SL-2037" errors="0">
  <testcase name="MadKuduPageTitle" time="23.230" classname="com.madkudo.MadKudoTest"/>
  <testcase name="MadKuduFunc" time="166.730" classname="com.madkudo.MadKudoTest"/>
  <testcase name="MadKuduFunc" time="27.101" classname="com.madkudo.MadKudoTest"/>
  <testcase name="MadKuduPageTitle" time="29.145" classname="com.madkudo.MadKudoTest"/>
  <testcase name="MadKuduPageTitle" time="20.283" classname="com.madkudo.MadKudoTest"/>
  <testcase name="MadKuduFunc" time="41.632" classname="com.madkudo.MadKudoTest"/>
  <testcase name="MadKuduFunc" time="62.688" classname="com.madkudo.MadKudoTest"/>
  <testcase name="MadKuduPageTitle" time="87.648" classname="com.madkudo.MadKudoTest"/>
</testsuite> <!-- com.madkudo.MadKudoTest -->
