<?xml version="1.0" encoding="UTF-8"?>
<!-- Generated by org.testng.reporters.JUnitReportReporter -->
<testsuite ignored="0" hostname="SL-2037" failures="0" tests="1" name="com.woot.WootTest" time="30.381" errors="0" timestamp="31 May 2024 13:53:17 GMT" skipped="0">
  <testcase classname="com.woot.WootTest" name="WootPageTitle" time="30.381"/>
</testsuite> <!-- com.woot.WootTest -->
